<?xml version="1.0" encoding="UTF-8"?>
<!-- Generated by org.testng.reporters.JUnitReportReporter -->
<testsuite hostname="DESKTOP-2L2GAT6" name="com.LottoNZ.AutoSLWebTest.Tests.LottoHomePageTest" tests="1" failures="0" timestamp="16 Apr 2016 22:47:16 GMT" time="10.463" errors="0">
  <testcase name="verifyLottoHomepageTest" time="10.463" classname="com.LottoNZ.AutoSLWebTest.Tests.LottoHomePageTest"/>
</testsuite> <!-- com.LottoNZ.AutoSLWebTest.Tests.LottoHomePageTest -->
