<?xml version="1.0" encoding="UTF-8"?>
<!-- Generated by org.testng.reporters.JUnitReportReporter -->
<testsuite hostname="LCAKINTW0714" name="LottoNZ.AutoSLWebTest.AppTest" tests="1" failures="0" timestamp="24 Mar 2016 02:16:35 GMT" time="0.002" errors="0">
  <testcase name="testApp" time="0.002" classname="LottoNZ.AutoSLWebTest.AppTest"/>
</testsuite> <!-- LottoNZ.AutoSLWebTest.AppTest -->
